{"/Users/jaelorea/Developer/Laboratoria/CDMX010-md-links/main.js": {"path":"/Users/jaelorea/Developer/Laboratoria/CDMX010-md-links/main.js","statementMap":{"0":{"start":{"line":1,"column":9},"end":{"line":1,"column":22}},"1":{"start":{"line":2,"column":11},"end":{"line":2,"column":26}},"2":{"start":{"line":3,"column":0},"end":{"line":3,"column":18}},"3":{"start":{"line":4,"column":14},"end":{"line":4,"column":35}},"4":{"start":{"line":5,"column":20},"end":{"line":5,"column":35}},"5":{"start":{"line":6,"column":16},"end":{"line":6,"column":34}},"6":{"start":{"line":7,"column":19},"end":{"line":7,"column":31}},"7":{"start":{"line":11,"column":16},"end":{"line":11,"column":18}},"8":{"start":{"line":12,"column":4},"end":{"line":21,"column":7}},"9":{"start":{"line":13,"column":19},"end":{"line":13,"column":51}},"10":{"start":{"line":14,"column":24},"end":{"line":14,"column":42}},"11":{"start":{"line":15,"column":6},"end":{"line":20,"column":7}},"12":{"start":{"line":16,"column":19},"end":{"line":16,"column":48}},"13":{"start":{"line":17,"column":25},"end":{"line":17,"column":40}},"14":{"start":{"line":18,"column":8},"end":{"line":18,"column":39}},"15":{"start":{"line":22,"column":4},"end":{"line":22,"column":17}},"16":{"start":{"line":26,"column":18},"end":{"line":33,"column":1}},"17":{"start":{"line":27,"column":24},"end":{"line":27,"column":26}},"18":{"start":{"line":28,"column":26},"end":{"line":28,"column":46}},"19":{"start":{"line":29,"column":2},"end":{"line":31,"column":28}},"20":{"start":{"line":32,"column":2},"end":{"line":32,"column":31}},"21":{"start":{"line":36,"column":26},"end":{"line":64,"column":1}},"22":{"start":{"line":37,"column":17},"end":{"line":60,"column":4}},"23":{"start":{"line":38,"column":4},"end":{"line":58,"column":9}},"24":{"start":{"line":40,"column":23},"end":{"line":46,"column":9}},"25":{"start":{"line":47,"column":8},"end":{"line":47,"column":30}},"26":{"start":{"line":50,"column":8},"end":{"line":56,"column":10}},"27":{"start":{"line":57,"column":8},"end":{"line":57,"column":24}},"28":{"start":{"line":67,"column":19},"end":{"line":80,"column":1}},"29":{"start":{"line":68,"column":21},"end":{"line":68,"column":43}},"30":{"start":{"line":69,"column":22},"end":{"line":69,"column":58}},"31":{"start":{"line":74,"column":20},"end":{"line":78,"column":3}},"32":{"start":{"line":79,"column":2},"end":{"line":79,"column":27}},"33":{"start":{"line":82,"column":16},"end":{"line":85,"column":1}},"34":{"start":{"line":90,"column":23},"end":{"line":90,"column":41}},"35":{"start":{"line":92,"column":16},"end":{"line":92,"column":36}},"36":{"start":{"line":94,"column":16},"end":{"line":94,"column":46}},"37":{"start":{"line":100,"column":17},"end":{"line":100,"column":19}},"38":{"start":{"line":101,"column":8},"end":{"line":105,"column":9}},"39":{"start":{"line":102,"column":12},"end":{"line":102,"column":36}},"40":{"start":{"line":103,"column":15},"end":{"line":105,"column":9}},"41":{"start":{"line":104,"column":12},"end":{"line":104,"column":54}},"42":{"start":{"line":107,"column":8},"end":{"line":121,"column":7}},"43":{"start":{"line":108,"column":10},"end":{"line":119,"column":31}},"44":{"start":{"line":109,"column":12},"end":{"line":109,"column":36}},"45":{"start":{"line":110,"column":17},"end":{"line":119,"column":31}},"46":{"start":{"line":111,"column":12},"end":{"line":111,"column":36}},"47":{"start":{"line":112,"column":17},"end":{"line":119,"column":31}},"48":{"start":{"line":113,"column":12},"end":{"line":113,"column":29}},"49":{"start":{"line":114,"column":17},"end":{"line":119,"column":31}},"50":{"start":{"line":115,"column":12},"end":{"line":115,"column":29}},"51":{"start":{"line":116,"column":17},"end":{"line":119,"column":31}},"52":{"start":{"line":119,"column":12},"end":{"line":119,"column":31}},"53":{"start":{"line":124,"column":0},"end":{"line":124,"column":24}}},"fnMap":{"0":{"name":"readFiles","decl":{"start":{"line":10,"column":11},"end":{"line":10,"column":20}},"loc":{"start":{"line":10,"column":42},"end":{"line":23,"column":3}},"line":10},"1":{"name":"(anonymous_1)","decl":{"start":{"line":12,"column":18},"end":{"line":12,"column":19}},"loc":{"start":{"line":12,"column":29},"end":{"line":21,"column":5}},"line":12},"2":{"name":"(anonymous_2)","decl":{"start":{"line":26,"column":18},"end":{"line":26,"column":19}},"loc":{"start":{"line":26,"column":28},"end":{"line":33,"column":1}},"line":26},"3":{"name":"(anonymous_3)","decl":{"start":{"line":36,"column":26},"end":{"line":36,"column":27}},"loc":{"start":{"line":36,"column":37},"end":{"line":64,"column":1}},"line":36},"4":{"name":"(anonymous_4)","decl":{"start":{"line":37,"column":27},"end":{"line":37,"column":28}},"loc":{"start":{"line":37,"column":37},"end":{"line":60,"column":3}},"line":37},"5":{"name":"(anonymous_5)","decl":{"start":{"line":39,"column":12},"end":{"line":39,"column":13}},"loc":{"start":{"line":39,"column":26},"end":{"line":48,"column":7}},"line":39},"6":{"name":"(anonymous_6)","decl":{"start":{"line":49,"column":13},"end":{"line":49,"column":14}},"loc":{"start":{"line":49,"column":22},"end":{"line":58,"column":7}},"line":49},"7":{"name":"(anonymous_7)","decl":{"start":{"line":67,"column":19},"end":{"line":67,"column":20}},"loc":{"start":{"line":67,"column":38},"end":{"line":80,"column":1}},"line":67},"8":{"name":"main","decl":{"start":{"line":88,"column":9},"end":{"line":88,"column":13}},"loc":{"start":{"line":88,"column":30},"end":{"line":122,"column":1}},"line":88},"9":{"name":"(anonymous_9)","decl":{"start":{"line":107,"column":23},"end":{"line":107,"column":24}},"loc":{"start":{"line":107,"column":33},"end":{"line":121,"column":5}},"line":107}},"branchMap":{"0":{"loc":{"start":{"line":15,"column":6},"end":{"line":20,"column":7}},"type":"if","locations":[{"start":{"line":15,"column":6},"end":{"line":20,"column":7}},{"start":{"line":15,"column":6},"end":{"line":20,"column":7}}],"line":15},"1":{"loc":{"start":{"line":32,"column":9},"end":{"line":32,"column":30}},"type":"binary-expr","locations":[{"start":{"line":32,"column":9},"end":{"line":32,"column":24}},{"start":{"line":32,"column":28},"end":{"line":32,"column":30}}],"line":32},"2":{"loc":{"start":{"line":101,"column":8},"end":{"line":105,"column":9}},"type":"if","locations":[{"start":{"line":101,"column":8},"end":{"line":105,"column":9}},{"start":{"line":101,"column":8},"end":{"line":105,"column":9}}],"line":101},"3":{"loc":{"start":{"line":103,"column":15},"end":{"line":105,"column":9}},"type":"if","locations":[{"start":{"line":103,"column":15},"end":{"line":105,"column":9}},{"start":{"line":103,"column":15},"end":{"line":105,"column":9}}],"line":103},"4":{"loc":{"start":{"line":108,"column":10},"end":{"line":119,"column":31}},"type":"if","locations":[{"start":{"line":108,"column":10},"end":{"line":119,"column":31}},{"start":{"line":108,"column":10},"end":{"line":119,"column":31}}],"line":108},"5":{"loc":{"start":{"line":110,"column":17},"end":{"line":119,"column":31}},"type":"if","locations":[{"start":{"line":110,"column":17},"end":{"line":119,"column":31}},{"start":{"line":110,"column":17},"end":{"line":119,"column":31}}],"line":110},"6":{"loc":{"start":{"line":112,"column":17},"end":{"line":119,"column":31}},"type":"if","locations":[{"start":{"line":112,"column":17},"end":{"line":119,"column":31}},{"start":{"line":112,"column":17},"end":{"line":119,"column":31}}],"line":112},"7":{"loc":{"start":{"line":114,"column":17},"end":{"line":119,"column":31}},"type":"if","locations":[{"start":{"line":114,"column":17},"end":{"line":119,"column":31}},{"start":{"line":114,"column":17},"end":{"line":119,"column":31}}],"line":114},"8":{"loc":{"start":{"line":116,"column":17},"end":{"line":119,"column":31}},"type":"if","locations":[{"start":{"line":116,"column":17},"end":{"line":119,"column":31}},{"start":{"line":116,"column":17},"end":{"line":119,"column":31}}],"line":116}},"s":{"0":1,"1":1,"2":1,"3":1,"4":1,"5":1,"6":1,"7":1,"8":1,"9":4,"10":4,"11":4,"12":3,"13":3,"14":3,"15":1,"16":1,"17":3,"18":3,"19":3,"20":3,"21":1,"22":0,"23":0,"24":0,"25":0,"26":0,"27":0,"28":1,"29":0,"30":0,"31":0,"32":0,"33":1,"34":1,"35":1,"36":1,"37":1,"38":1,"39":1,"40":0,"41":0,"42":1,"43":1,"44":0,"45":1,"46":0,"47":1,"48":0,"49":1,"50":0,"51":1,"52":1,"53":1},"f":{"0":1,"1":4,"2":3,"3":0,"4":0,"5":0,"6":0,"7":0,"8":1,"9":1},"b":{"0":[3,1],"1":[3,1],"2":[1,0],"3":[0,0],"4":[0,1],"5":[0,1],"6":[0,1],"7":[0,1],"8":[0,1]},"_coverageSchema":"1a1c01bbd47fc00a2c39e90264f33305004495a9","hash":"40f5d9fe1b786165e10b9fbab793b07d3ae06126"}
}
