{"/Users/jaelorea/Developer/Laboratoria/CDMX010-md-links/main.js": {"path":"/Users/jaelorea/Developer/Laboratoria/CDMX010-md-links/main.js","statementMap":{"0":{"start":{"line":1,"column":9},"end":{"line":1,"column":22}},"1":{"start":{"line":2,"column":11},"end":{"line":2,"column":26}},"2":{"start":{"line":3,"column":0},"end":{"line":3,"column":18}},"3":{"start":{"line":4,"column":14},"end":{"line":4,"column":35}},"4":{"start":{"line":5,"column":20},"end":{"line":5,"column":35}},"5":{"start":{"line":6,"column":16},"end":{"line":6,"column":34}},"6":{"start":{"line":7,"column":19},"end":{"line":7,"column":31}},"7":{"start":{"line":11,"column":16},"end":{"line":11,"column":18}},"8":{"start":{"line":12,"column":4},"end":{"line":20,"column":7}},"9":{"start":{"line":13,"column":19},"end":{"line":13,"column":51}},"10":{"start":{"line":14,"column":24},"end":{"line":14,"column":42}},"11":{"start":{"line":15,"column":6},"end":{"line":19,"column":7}},"12":{"start":{"line":16,"column":19},"end":{"line":16,"column":48}},"13":{"start":{"line":17,"column":25},"end":{"line":17,"column":40}},"14":{"start":{"line":18,"column":8},"end":{"line":18,"column":39}},"15":{"start":{"line":21,"column":4},"end":{"line":21,"column":17}},"16":{"start":{"line":25,"column":18},"end":{"line":32,"column":1}},"17":{"start":{"line":26,"column":24},"end":{"line":26,"column":26}},"18":{"start":{"line":27,"column":26},"end":{"line":27,"column":46}},"19":{"start":{"line":28,"column":2},"end":{"line":30,"column":28}},"20":{"start":{"line":31,"column":2},"end":{"line":31,"column":31}},"21":{"start":{"line":36,"column":26},"end":{"line":67,"column":1}},"22":{"start":{"line":37,"column":17},"end":{"line":62,"column":4}},"23":{"start":{"line":38,"column":4},"end":{"line":60,"column":9}},"24":{"start":{"line":40,"column":23},"end":{"line":46,"column":9}},"25":{"start":{"line":48,"column":8},"end":{"line":48,"column":24}},"26":{"start":{"line":51,"column":23},"end":{"line":57,"column":9}},"27":{"start":{"line":59,"column":8},"end":{"line":59,"column":24}},"28":{"start":{"line":63,"column":3},"end":{"line":63,"column":31}},"29":{"start":{"line":70,"column":27},"end":{"line":85,"column":1}},"30":{"start":{"line":71,"column":17},"end":{"line":84,"column":6}},"31":{"start":{"line":72,"column":4},"end":{"line":83,"column":8}},"32":{"start":{"line":74,"column":23},"end":{"line":80,"column":9}},"33":{"start":{"line":81,"column":7},"end":{"line":81,"column":29}},"34":{"start":{"line":89,"column":19},"end":{"line":103,"column":1}},"35":{"start":{"line":90,"column":21},"end":{"line":90,"column":43}},"36":{"start":{"line":91,"column":22},"end":{"line":91,"column":58}},"37":{"start":{"line":97,"column":20},"end":{"line":101,"column":3}},"38":{"start":{"line":102,"column":2},"end":{"line":102,"column":27}},"39":{"start":{"line":107,"column":25},"end":{"line":124,"column":1}},"40":{"start":{"line":108,"column":2},"end":{"line":122,"column":4}},"41":{"start":{"line":110,"column":22},"end":{"line":110,"column":24}},"42":{"start":{"line":111,"column":18},"end":{"line":111,"column":20}},"43":{"start":{"line":113,"column":4},"end":{"line":120,"column":6}},"44":{"start":{"line":115,"column":6},"end":{"line":119,"column":7}},"45":{"start":{"line":116,"column":8},"end":{"line":116,"column":33}},"46":{"start":{"line":117,"column":12},"end":{"line":119,"column":7}},"47":{"start":{"line":118,"column":8},"end":{"line":118,"column":37}},"48":{"start":{"line":121,"column":4},"end":{"line":121,"column":88}},"49":{"start":{"line":128,"column":16},"end":{"line":131,"column":1}},"50":{"start":{"line":136,"column":23},"end":{"line":136,"column":41}},"51":{"start":{"line":138,"column":16},"end":{"line":138,"column":36}},"52":{"start":{"line":140,"column":16},"end":{"line":140,"column":46}},"53":{"start":{"line":142,"column":17},"end":{"line":142,"column":19}},"54":{"start":{"line":143,"column":8},"end":{"line":147,"column":9}},"55":{"start":{"line":144,"column":12},"end":{"line":144,"column":36}},"56":{"start":{"line":145,"column":15},"end":{"line":147,"column":9}},"57":{"start":{"line":146,"column":12},"end":{"line":146,"column":54}},"58":{"start":{"line":149,"column":8},"end":{"line":165,"column":11}},"59":{"start":{"line":150,"column":10},"end":{"line":164,"column":29}},"60":{"start":{"line":151,"column":12},"end":{"line":151,"column":37}},"61":{"start":{"line":153,"column":17},"end":{"line":164,"column":29}},"62":{"start":{"line":154,"column":12},"end":{"line":154,"column":29}},"63":{"start":{"line":155,"column":17},"end":{"line":164,"column":29}},"64":{"start":{"line":161,"column":12},"end":{"line":161,"column":35}},"65":{"start":{"line":162,"column":12},"end":{"line":162,"column":29}},"66":{"start":{"line":164,"column":10},"end":{"line":164,"column":29}},"67":{"start":{"line":168,"column":0},"end":{"line":168,"column":24}}},"fnMap":{"0":{"name":"readFiles","decl":{"start":{"line":10,"column":11},"end":{"line":10,"column":20}},"loc":{"start":{"line":10,"column":42},"end":{"line":22,"column":3}},"line":10},"1":{"name":"(anonymous_1)","decl":{"start":{"line":12,"column":18},"end":{"line":12,"column":19}},"loc":{"start":{"line":12,"column":29},"end":{"line":20,"column":5}},"line":12},"2":{"name":"(anonymous_2)","decl":{"start":{"line":25,"column":18},"end":{"line":25,"column":19}},"loc":{"start":{"line":25,"column":28},"end":{"line":32,"column":1}},"line":25},"3":{"name":"(anonymous_3)","decl":{"start":{"line":36,"column":26},"end":{"line":36,"column":27}},"loc":{"start":{"line":36,"column":37},"end":{"line":67,"column":1}},"line":36},"4":{"name":"(anonymous_4)","decl":{"start":{"line":37,"column":27},"end":{"line":37,"column":28}},"loc":{"start":{"line":37,"column":35},"end":{"line":62,"column":3}},"line":37},"5":{"name":"(anonymous_5)","decl":{"start":{"line":39,"column":12},"end":{"line":39,"column":13}},"loc":{"start":{"line":39,"column":26},"end":{"line":49,"column":7}},"line":39},"6":{"name":"(anonymous_6)","decl":{"start":{"line":50,"column":13},"end":{"line":50,"column":14}},"loc":{"start":{"line":50,"column":22},"end":{"line":60,"column":7}},"line":50},"7":{"name":"(anonymous_7)","decl":{"start":{"line":70,"column":27},"end":{"line":70,"column":28}},"loc":{"start":{"line":70,"column":38},"end":{"line":85,"column":1}},"line":70},"8":{"name":"(anonymous_8)","decl":{"start":{"line":71,"column":27},"end":{"line":71,"column":28}},"loc":{"start":{"line":71,"column":35},"end":{"line":84,"column":5}},"line":71},"9":{"name":"(anonymous_9)","decl":{"start":{"line":73,"column":12},"end":{"line":73,"column":13}},"loc":{"start":{"line":73,"column":26},"end":{"line":83,"column":7}},"line":73},"10":{"name":"(anonymous_10)","decl":{"start":{"line":89,"column":19},"end":{"line":89,"column":20}},"loc":{"start":{"line":89,"column":38},"end":{"line":103,"column":1}},"line":89},"11":{"name":"(anonymous_11)","decl":{"start":{"line":107,"column":25},"end":{"line":107,"column":26}},"loc":{"start":{"line":107,"column":36},"end":{"line":124,"column":1}},"line":107},"12":{"name":"(anonymous_12)","decl":{"start":{"line":109,"column":8},"end":{"line":109,"column":9}},"loc":{"start":{"line":109,"column":19},"end":{"line":122,"column":3}},"line":109},"13":{"name":"(anonymous_13)","decl":{"start":{"line":113,"column":18},"end":{"line":113,"column":19}},"loc":{"start":{"line":113,"column":28},"end":{"line":120,"column":5}},"line":113},"14":{"name":"main","decl":{"start":{"line":134,"column":9},"end":{"line":134,"column":13}},"loc":{"start":{"line":134,"column":30},"end":{"line":166,"column":1}},"line":134},"15":{"name":"(anonymous_15)","decl":{"start":{"line":149,"column":23},"end":{"line":149,"column":24}},"loc":{"start":{"line":149,"column":33},"end":{"line":165,"column":9}},"line":149}},"branchMap":{"0":{"loc":{"start":{"line":15,"column":6},"end":{"line":19,"column":7}},"type":"if","locations":[{"start":{"line":15,"column":6},"end":{"line":19,"column":7}},{"start":{"line":15,"column":6},"end":{"line":19,"column":7}}],"line":15},"1":{"loc":{"start":{"line":31,"column":9},"end":{"line":31,"column":30}},"type":"binary-expr","locations":[{"start":{"line":31,"column":9},"end":{"line":31,"column":24}},{"start":{"line":31,"column":28},"end":{"line":31,"column":30}}],"line":31},"2":{"loc":{"start":{"line":115,"column":6},"end":{"line":119,"column":7}},"type":"if","locations":[{"start":{"line":115,"column":6},"end":{"line":119,"column":7}},{"start":{"line":115,"column":6},"end":{"line":119,"column":7}}],"line":115},"3":{"loc":{"start":{"line":117,"column":12},"end":{"line":119,"column":7}},"type":"if","locations":[{"start":{"line":117,"column":12},"end":{"line":119,"column":7}},{"start":{"line":117,"column":12},"end":{"line":119,"column":7}}],"line":117},"4":{"loc":{"start":{"line":143,"column":8},"end":{"line":147,"column":9}},"type":"if","locations":[{"start":{"line":143,"column":8},"end":{"line":147,"column":9}},{"start":{"line":143,"column":8},"end":{"line":147,"column":9}}],"line":143},"5":{"loc":{"start":{"line":145,"column":15},"end":{"line":147,"column":9}},"type":"if","locations":[{"start":{"line":145,"column":15},"end":{"line":147,"column":9}},{"start":{"line":145,"column":15},"end":{"line":147,"column":9}}],"line":145},"6":{"loc":{"start":{"line":150,"column":10},"end":{"line":164,"column":29}},"type":"if","locations":[{"start":{"line":150,"column":10},"end":{"line":164,"column":29}},{"start":{"line":150,"column":10},"end":{"line":164,"column":29}}],"line":150},"7":{"loc":{"start":{"line":150,"column":14},"end":{"line":150,"column":55}},"type":"binary-expr","locations":[{"start":{"line":150,"column":14},"end":{"line":150,"column":36}},{"start":{"line":150,"column":40},"end":{"line":150,"column":55}}],"line":150},"8":{"loc":{"start":{"line":153,"column":17},"end":{"line":164,"column":29}},"type":"if","locations":[{"start":{"line":153,"column":17},"end":{"line":164,"column":29}},{"start":{"line":153,"column":17},"end":{"line":164,"column":29}}],"line":153},"9":{"loc":{"start":{"line":153,"column":21},"end":{"line":153,"column":59}},"type":"binary-expr","locations":[{"start":{"line":153,"column":21},"end":{"line":153,"column":40}},{"start":{"line":153,"column":44},"end":{"line":153,"column":59}}],"line":153},"10":{"loc":{"start":{"line":155,"column":17},"end":{"line":164,"column":29}},"type":"if","locations":[{"start":{"line":155,"column":17},"end":{"line":164,"column":29}},{"start":{"line":155,"column":17},"end":{"line":164,"column":29}}],"line":155},"11":{"loc":{"start":{"line":155,"column":20},"end":{"line":155,"column":130}},"type":"binary-expr","locations":[{"start":{"line":155,"column":20},"end":{"line":155,"column":50}},{"start":{"line":155,"column":54},"end":{"line":155,"column":73}},{"start":{"line":155,"column":77},"end":{"line":155,"column":96}},{"start":{"line":155,"column":100},"end":{"line":155,"column":130}}],"line":155}},"s":{"0":1,"1":1,"2":1,"3":1,"4":1,"5":1,"6":1,"7":1,"8":1,"9":4,"10":4,"11":4,"12":3,"13":3,"14":3,"15":1,"16":1,"17":3,"18":3,"19":3,"20":3,"21":1,"22":0,"23":0,"24":0,"25":0,"26":0,"27":0,"28":0,"29":1,"30":0,"31":0,"32":0,"33":0,"34":1,"35":0,"36":0,"37":0,"38":0,"39":1,"40":0,"41":0,"42":0,"43":0,"44":0,"45":0,"46":0,"47":0,"48":0,"49":1,"50":1,"51":1,"52":1,"53":1,"54":1,"55":1,"56":0,"57":0,"58":1,"59":1,"60":0,"61":1,"62":0,"63":1,"64":0,"65":0,"66":1,"67":1},"f":{"0":1,"1":4,"2":3,"3":0,"4":0,"5":0,"6":0,"7":0,"8":0,"9":0,"10":0,"11":0,"12":0,"13":0,"14":1,"15":1},"b":{"0":[3,1],"1":[3,1],"2":[0,0],"3":[0,0],"4":[1,0],"5":[0,0],"6":[0,1],"7":[1,1],"8":[0,1],"9":[1,1],"10":[0,1],"11":[1,1,1,1]},"_coverageSchema":"1a1c01bbd47fc00a2c39e90264f33305004495a9","hash":"f2ae73508576cff7ba24d2f8ea28e3b0dc93df73"}
}
