TN:
SF:main.js
FN:10,readFiles
FN:12,(anonymous_1)
FN:25,(anonymous_2)
FN:36,(anonymous_3)
FN:37,(anonymous_4)
FN:39,(anonymous_5)
FN:50,(anonymous_6)
FN:70,(anonymous_7)
FN:71,(anonymous_8)
FN:73,(anonymous_9)
FN:89,(anonymous_10)
FN:107,(anonymous_11)
FN:109,(anonymous_12)
FN:113,(anonymous_13)
FN:134,main
FN:149,(anonymous_15)
FNF:16
FNH:5
FNDA:1,readFiles
FNDA:4,(anonymous_1)
FNDA:3,(anonymous_2)
FNDA:0,(anonymous_3)
FNDA:0,(anonymous_4)
FNDA:0,(anonymous_5)
FNDA:0,(anonymous_6)
FNDA:0,(anonymous_7)
FNDA:0,(anonymous_8)
FNDA:0,(anonymous_9)
FNDA:0,(anonymous_10)
FNDA:0,(anonymous_11)
FNDA:0,(anonymous_12)
FNDA:0,(anonymous_13)
FNDA:1,main
FNDA:1,(anonymous_15)
DA:1,1
DA:2,1
DA:3,1
DA:4,1
DA:5,1
DA:6,1
DA:7,1
DA:11,1
DA:12,1
DA:13,4
DA:14,4
DA:15,4
DA:16,3
DA:17,3
DA:18,3
DA:21,1
DA:25,1
DA:26,3
DA:27,3
DA:28,3
DA:31,3
DA:36,1
DA:37,0
DA:38,0
DA:40,0
DA:48,0
DA:51,0
DA:59,0
DA:63,0
DA:70,1
DA:71,0
DA:72,0
DA:74,0
DA:81,0
DA:89,1
DA:90,0
DA:91,0
DA:97,0
DA:102,0
DA:107,1
DA:108,0
DA:110,0
DA:111,0
DA:113,0
DA:115,0
DA:116,0
DA:117,0
DA:118,0
DA:121,0
DA:128,1
DA:136,1
DA:138,1
DA:140,1
DA:142,1
DA:143,1
DA:144,1
DA:145,0
DA:146,0
DA:149,1
DA:150,1
DA:151,0
DA:153,1
DA:154,0
DA:155,1
DA:161,0
DA:162,0
DA:164,1
DA:168,1
LF:68
LH:38
BRDA:15,0,0,3
BRDA:15,0,1,1
BRDA:31,1,0,3
BRDA:31,1,1,1
BRDA:115,2,0,0
BRDA:115,2,1,0
BRDA:117,3,0,0
BRDA:117,3,1,0
BRDA:143,4,0,1
BRDA:143,4,1,0
BRDA:145,5,0,0
BRDA:145,5,1,0
BRDA:150,6,0,0
BRDA:150,6,1,1
BRDA:150,7,0,1
BRDA:150,7,1,1
BRDA:153,8,0,0
BRDA:153,8,1,1
BRDA:153,9,0,1
BRDA:153,9,1,1
BRDA:155,10,0,0
BRDA:155,10,1,1
BRDA:155,11,0,1
BRDA:155,11,1,1
BRDA:155,11,2,1
BRDA:155,11,3,1
BRF:26
BRH:16
end_of_record
