TN:
SF:main.js
FN:14,readFiles
FN:16,(anonymous_1)
FN:31,(anonymous_2)
FN:57,(anonymous_3)
FN:58,(anonymous_4)
FN:60,(anonymous_5)
FN:71,(anonymous_6)
FN:89,(anonymous_7)
FN:120,main
FN:143,(anonymous_9)
FNF:10
FNH:5
FNDA:1,readFiles
FNDA:2,(anonymous_1)
FNDA:1,(anonymous_2)
FNDA:0,(anonymous_3)
FNDA:0,(anonymous_4)
FNDA:0,(anonymous_5)
FNDA:0,(anonymous_6)
FNDA:0,(anonymous_7)
FNDA:1,main
FNDA:1,(anonymous_9)
DA:1,1
DA:2,1
DA:3,1
DA:4,1
DA:5,1
DA:7,1
DA:9,1
DA:15,1
DA:16,1
DA:17,2
DA:18,2
DA:19,2
DA:20,1
DA:21,1
DA:23,1
DA:27,1
DA:31,1
DA:32,1
DA:33,1
DA:34,1
DA:37,1
DA:57,1
DA:58,0
DA:59,0
DA:61,0
DA:68,0
DA:72,0
DA:79,0
DA:89,1
DA:93,0
DA:95,0
DA:101,0
DA:106,0
DA:109,1
DA:122,1
DA:125,1
DA:128,1
DA:136,1
DA:137,1
DA:138,1
DA:139,0
DA:140,0
DA:143,1
DA:149,1
DA:150,0
DA:151,1
DA:152,0
DA:153,1
DA:154,0
DA:155,1
DA:156,0
DA:157,1
DA:171,1
LF:53
LH:37
BRDA:19,0,0,1
BRDA:19,0,1,1
BRDA:37,1,0,1
BRDA:37,1,1,0
BRDA:137,2,0,1
BRDA:137,2,1,0
BRDA:139,3,0,0
BRDA:139,3,1,0
BRDA:149,4,0,0
BRDA:149,4,1,1
BRDA:151,5,0,0
BRDA:151,5,1,1
BRDA:153,6,0,0
BRDA:153,6,1,1
BRDA:155,7,0,0
BRDA:155,7,1,1
BRDA:157,8,0,0
BRDA:157,8,1,1
BRF:18
BRH:9
end_of_record
